{"uid":"7f77475674743fda","name":"The test of login with exist user and add new contact","fullName":"tests.PhoneBookTest.loginOfAnExistingUserAddContact","historyId":"d40a120e0b97d2f2d9787d2257fdd737","time":{"start":1709886374403,"stop":1709886381552,"duration":7149},"description":"User already exist. Login and add contact.","descriptionHtml":"<p>User already exist. Login and add contact.</p>\n","status":"failed","statusMessage":"expected [true] but found [false]","statusTrace":"java.lang.AssertionError: expected [true] but found [false]\r\n\tat org.testng.Assert.fail(Assert.java:111)\r\n\tat org.testng.Assert.failNotEquals(Assert.java:1578)\r\n\tat org.testng.Assert.assertTrue(Assert.java:57)\r\n\tat org.testng.Assert.assertTrue(Assert.java:67)\r\n\tat tests.PhoneBookTest.loginOfAnExistingUserAddContact(PhoneBookTest.java:97)\r\n\tat java.base/jdk.internal.reflect.NativeMethodAccessorImpl.invoke0(Native Method)\r\n\tat java.base/jdk.internal.reflect.NativeMethodAccessorImpl.invoke(NativeMethodAccessorImpl.java:77)\r\n\tat java.base/jdk.internal.reflect.DelegatingMethodAccessorImpl.invoke(DelegatingMethodAccessorImpl.java:43)\r\n\tat java.base/java.lang.reflect.Method.invoke(Method.java:568)\r\n\tat org.testng.internal.invokers.MethodInvocationHelper.invokeMethod(MethodInvocationHelper.java:139)\r\n\tat org.testng.internal.invokers.TestInvoker.invokeMethod(TestInvoker.java:664)\r\n\tat org.testng.internal.invokers.TestInvoker.invokeTestMethod(TestInvoker.java:228)\r\n\tat org.testng.internal.invokers.MethodRunner.runInSequence(MethodRunner.java:63)\r\n\tat org.testng.internal.invokers.TestInvoker$MethodInvocationAgent.invoke(TestInvoker.java:961)\r\n\tat org.testng.internal.invokers.TestInvoker.invokeTestMethods(TestInvoker.java:201)\r\n\tat org.testng.internal.invokers.TestMethodWorker.invokeTestMethods(TestMethodWorker.java:148)\r\n\tat org.testng.internal.invokers.TestMethodWorker.run(TestMethodWorker.java:128)\r\n\tat java.base/java.util.ArrayList.forEach(ArrayList.java:1511)\r\n\tat org.testng.TestRunner.privateRun(TestRunner.java:819)\r\n\tat org.testng.TestRunner.run(TestRunner.java:619)\r\n\tat org.testng.SuiteRunner.runTest(SuiteRunner.java:443)\r\n\tat org.testng.SuiteRunner.runSequentially(SuiteRunner.java:437)\r\n\tat org.testng.SuiteRunner.privateRun(SuiteRunner.java:397)\r\n\tat org.testng.SuiteRunner.run(SuiteRunner.java:336)\r\n\tat org.testng.SuiteRunnerWorker.runSuite(SuiteRunnerWorker.java:52)\r\n\tat org.testng.SuiteRunnerWorker.run(SuiteRunnerWorker.java:95)\r\n\tat org.testng.TestNG.runSuitesSequentially(TestNG.java:1301)\r\n\tat org.testng.TestNG.runSuitesLocally(TestNG.java:1228)\r\n\tat org.testng.TestNG.runSuites(TestNG.java:1134)\r\n\tat org.testng.TestNG.run(TestNG.java:1101)\r\n\tat com.intellij.rt.testng.IDEARemoteTestNG.run(IDEARemoteTestNG.java:65)\r\n\tat com.intellij.rt.testng.RemoteTestNGStarter.main(RemoteTestNGStarter.java:105)\r\n","flaky":false,"newFailed":false,"newBroken":false,"newPassed":false,"retriesCount":12,"retriesStatusChange":true,"beforeStages":[{"name":"setUp","time":{"start":1709886369448,"stop":1709886374397,"duration":4949},"description":"","status":"passed","steps":[],"attachments":[],"parameters":[],"attachmentsCount":0,"shouldDisplayMessage":false,"stepsCount":0,"hasContent":false,"attachmentStep":false}],"testStage":{"description":"User already exist. Login and add contact.","status":"failed","statusMessage":"expected [true] but found [false]","statusTrace":"java.lang.AssertionError: expected [true] but found [false]\r\n\tat org.testng.Assert.fail(Assert.java:111)\r\n\tat org.testng.Assert.failNotEquals(Assert.java:1578)\r\n\tat org.testng.Assert.assertTrue(Assert.java:57)\r\n\tat org.testng.Assert.assertTrue(Assert.java:67)\r\n\tat tests.PhoneBookTest.loginOfAnExistingUserAddContact(PhoneBookTest.java:97)\r\n\tat java.base/jdk.internal.reflect.NativeMethodAccessorImpl.invoke0(Native Method)\r\n\tat java.base/jdk.internal.reflect.NativeMethodAccessorImpl.invoke(NativeMethodAccessorImpl.java:77)\r\n\tat java.base/jdk.internal.reflect.DelegatingMethodAccessorImpl.invoke(DelegatingMethodAccessorImpl.java:43)\r\n\tat java.base/java.lang.reflect.Method.invoke(Method.java:568)\r\n\tat org.testng.internal.invokers.MethodInvocationHelper.invokeMethod(MethodInvocationHelper.java:139)\r\n\tat org.testng.internal.invokers.TestInvoker.invokeMethod(TestInvoker.java:664)\r\n\tat org.testng.internal.invokers.TestInvoker.invokeTestMethod(TestInvoker.java:228)\r\n\tat org.testng.internal.invokers.MethodRunner.runInSequence(MethodRunner.java:63)\r\n\tat org.testng.internal.invokers.TestInvoker$MethodInvocationAgent.invoke(TestInvoker.java:961)\r\n\tat org.testng.internal.invokers.TestInvoker.invokeTestMethods(TestInvoker.java:201)\r\n\tat org.testng.internal.invokers.TestMethodWorker.invokeTestMethods(TestMethodWorker.java:148)\r\n\tat org.testng.internal.invokers.TestMethodWorker.run(TestMethodWorker.java:128)\r\n\tat java.base/java.util.ArrayList.forEach(ArrayList.java:1511)\r\n\tat org.testng.TestRunner.privateRun(TestRunner.java:819)\r\n\tat org.testng.TestRunner.run(TestRunner.java:619)\r\n\tat org.testng.SuiteRunner.runTest(SuiteRunner.java:443)\r\n\tat org.testng.SuiteRunner.runSequentially(SuiteRunner.java:437)\r\n\tat org.testng.SuiteRunner.privateRun(SuiteRunner.java:397)\r\n\tat org.testng.SuiteRunner.run(SuiteRunner.java:336)\r\n\tat org.testng.SuiteRunnerWorker.runSuite(SuiteRunnerWorker.java:52)\r\n\tat org.testng.SuiteRunnerWorker.run(SuiteRunnerWorker.java:95)\r\n\tat org.testng.TestNG.runSuitesSequentially(TestNG.java:1301)\r\n\tat org.testng.TestNG.runSuitesLocally(TestNG.java:1228)\r\n\tat org.testng.TestNG.runSuites(TestNG.java:1134)\r\n\tat org.testng.TestNG.run(TestNG.java:1101)\r\n\tat com.intellij.rt.testng.IDEARemoteTestNG.run(IDEARemoteTestNG.java:65)\r\n\tat com.intellij.rt.testng.RemoteTestNGStarter.main(RemoteTestNGStarter.java:105)\r\n","steps":[{"name":"login with exist user","time":{"start":1709886374874,"stop":1709886374874,"duration":0},"status":"passed","steps":[],"attachments":[],"parameters":[],"attachmentsCount":0,"shouldDisplayMessage":false,"stepsCount":0,"hasContent":false,"attachmentStep":false},{"name":"step 2","time":{"start":1709886374940,"stop":1709886374940,"duration":0},"status":"passed","steps":[],"attachments":[],"parameters":[],"attachmentsCount":0,"shouldDisplayMessage":false,"stepsCount":0,"hasContent":false,"attachmentStep":false}],"attachments":[],"parameters":[],"attachmentsCount":0,"shouldDisplayMessage":true,"stepsCount":2,"hasContent":true,"attachmentStep":false},"afterStages":[{"name":"tearDown","time":{"start":1709886381562,"stop":1709886381870,"duration":308},"description":"","status":"passed","steps":[],"attachments":[],"parameters":[],"attachmentsCount":0,"shouldDisplayMessage":false,"stepsCount":0,"hasContent":false,"attachmentStep":false}],"labels":[{"name":"package","value":"tests.PhoneBookTest"},{"name":"testClass","value":"tests.PhoneBookTest"},{"name":"testMethod","value":"loginOfAnExistingUserAddContact"},{"name":"parentSuite","value":"Suite1"},{"name":"suite","value":"ChromeFoxTasts"},{"name":"subSuite","value":"tests.PhoneBookTest"},{"name":"host","value":"AnnaS"},{"name":"thread","value":"13388@AnnaS.main(1)"},{"name":"framework","value":"testng"},{"name":"language","value":"java"},{"name":"resultFormat","value":"allure2"}],"parameters":[{"name":"browser","value":"chrome"}],"links":[],"hidden":false,"retry":false,"extra":{"severity":"normal","retries":[{"uid":"5c30f7ccecea28c2","status":"passed","time":{"start":1709883545198,"stop":1709883558151,"duration":12953}},{"uid":"4a6eb21a09a1e19c","status":"passed","time":{"start":1709883271290,"stop":1709883284329,"duration":13039}},{"uid":"124e4524f71fe41d","status":"passed","time":{"start":1709832869262,"stop":1709832882149,"duration":12887}},{"uid":"6d07bec9cee5df11","status":"broken","statusDetails":"Timed out after 20 seconds. Unable to locate the element","time":{"start":1709831799155,"stop":1709831866898,"duration":67743}},{"uid":"5ca24c8784eca418","status":"broken","statusDetails":"Given xpath expression \"//input[@placeholder(text(),'Name')]\" is invalid: SyntaxError: Document.evaluate: The expression is not a legal expression\nFor documentation on this error, please visit: https://www.selenium.dev/documentation/webdriver/troubleshooting/errors#invalid-selector-exception\nBuild info: version: '4.16.1', revision: '9b4c83354e'\nSystem info: os.name: 'Windows 11', os.arch: 'amd64', os.version: '10.0', java.version: '17.0.10'\nDriver info: org.openqa.selenium.firefox.FirefoxDriver\nCommand: [4a8dc40f-c579-4e5e-a341-670772e114a3, findElement {using=xpath, value=//input[@placeholder(text(),'Name')]}]\nCapabilities {acceptInsecureCerts: true, browserName: firefox, browserVersion: 123.0, moz:accessibilityChecks: false, moz:buildID: 20240213221259, moz:debuggerAddress: 127.0.0.1:40540, moz:geckodriverVersion: 0.34.0, moz:headless: false, moz:platformVersion: 10.0, moz:processID: 19280, moz:profile: C:\\Users\\97253\\AppData\\Loca..., moz:shutdownTimeout: 60000, moz:webdriverClick: true, moz:windowless: false, pageLoadStrategy: normal, platformName: windows, proxy: Proxy(), se:cdp: ws://127.0.0.1:40540/devtoo..., se:cdpVersion: 85.0, setWindowRect: true, strictFileInteractability: false, timeouts: {implicit: 0, pageLoad: 300000, script: 30000}, unhandledPromptBehavior: dismiss and notify}\nSession ID: 4a8dc40f-c579-4e5e-a341-670772e114a3","time":{"start":1709831506875,"stop":1709831514683,"duration":7808}},{"uid":"d2a9f909cff40d41","status":"broken","statusDetails":"class pages.ContactsPage cannot be cast to class org.openqa.selenium.Alert (pages.ContactsPage and org.openqa.selenium.Alert are in unnamed module of loader 'app')","time":{"start":1709755229261,"stop":1709755235578,"duration":6317}},{"uid":"bd3ff1b6a97d2c61","status":"broken","statusDetails":"class pages.ContactsPage cannot be cast to class org.openqa.selenium.Alert (pages.ContactsPage and org.openqa.selenium.Alert are in unnamed module of loader 'app')","time":{"start":1709754910960,"stop":1709754917397,"duration":6437}},{"uid":"1aa54ca54e1f85a1","status":"broken","statusDetails":"class pages.ContactsPage cannot be cast to class org.openqa.selenium.Alert (pages.ContactsPage and org.openqa.selenium.Alert are in unnamed module of loader 'app')","time":{"start":1709754458239,"stop":1709754464568,"duration":6329}},{"uid":"f456122185174b41","status":"broken","statusDetails":"class pages.ContactsPage cannot be cast to class org.openqa.selenium.Alert (pages.ContactsPage and org.openqa.selenium.Alert are in unnamed module of loader 'app')","time":{"start":1709754350999,"stop":1709754357318,"duration":6319}},{"uid":"120605b7c8d65b71","status":"broken","statusDetails":"class pages.ContactsPage cannot be cast to class org.openqa.selenium.Alert (pages.ContactsPage and org.openqa.selenium.Alert are in unnamed module of loader 'app')","time":{"start":1709753429809,"stop":1709753436148,"duration":6339}},{"uid":"c577322b0bf53693","status":"broken","statusDetails":"class pages.ContactsPage cannot be cast to class org.openqa.selenium.Alert (pages.ContactsPage and org.openqa.selenium.Alert are in unnamed module of loader 'app')","time":{"start":1709753176627,"stop":1709753183087,"duration":6460}},{"uid":"48b4598ba7c84ff1","status":"broken","statusDetails":"class pages.LoginPage cannot be cast to class org.openqa.selenium.Alert (pages.LoginPage and org.openqa.selenium.Alert are in unnamed module of loader 'app')","time":{"start":1709752989723,"stop":1709752991955,"duration":2232}}],"categories":[{"name":"Product defects","matchedStatuses":[],"flaky":false}],"tags":[]},"source":"7f77475674743fda.json","parameterValues":["chrome"]}